Sep-01 11:34:57.906 [main] DEBUG nextflow.cli.Launcher - $> nextflow run main.nf
Sep-01 11:34:58.521 [main] INFO  nextflow.cli.CmdRun - N E X T F L O W  ~  version 20.07.1
Sep-01 11:34:58.644 [main] INFO  nextflow.cli.CmdRun - Launching `main.nf` [high_keller] - revision: fb254b1e88
Sep-01 11:34:58.809 [main] DEBUG nextflow.config.ConfigBuilder - Found config local: /mnt/c/Users/arunk/Documents/github/Maize_WGS_Build/nextflow.config
Sep-01 11:34:58.822 [main] DEBUG nextflow.config.ConfigBuilder - Parsing config file: /mnt/c/Users/arunk/Documents/github/Maize_WGS_Build/nextflow.config
Sep-01 11:34:58.918 [main] DEBUG nextflow.config.ConfigBuilder - Applying config profile: `standard`
Sep-01 11:35:01.193 [main] DEBUG nextflow.Session - Session uuid: 1a619494-4537-4347-9c3e-47c67a1ea14f
Sep-01 11:35:01.194 [main] DEBUG nextflow.Session - Run name: high_keller
Sep-01 11:35:01.198 [main] DEBUG nextflow.Session - Executor pool size: 4
Sep-01 11:35:01.388 [main] DEBUG nextflow.cli.CmdRun - 
  Version: 20.07.1 build 5412
  Created: 24-07-2020 15:18 UTC (10:18 CDT)
  System: Linux 4.19.104-microsoft-standard
  Runtime: Groovy 2.5.11 on OpenJDK 64-Bit Server VM 11.0.8+10-post-Ubuntu-0ubuntu120.04
  Encoding: UTF-8 (UTF-8)
  Process: 3169@ARNSTRM [127.0.1.1]
  CPUs: 4 - Mem: 12.4 GB (11.7 GB) - Swap: 4 GB (4 GB)
Sep-01 11:35:01.580 [main] DEBUG nextflow.Session - Work-dir: /mnt/c/Users/arunk/Documents/github/Maize_WGS_Build/work [v9fs]
Sep-01 11:35:01.894 [main] DEBUG nextflow.Session - Observer factory: TowerFactory
Sep-01 11:35:01.905 [main] DEBUG nextflow.Session - Observer factory: DefaultObserverFactory
Sep-01 11:35:03.233 [main] DEBUG nextflow.Session - Session start invoked
Sep-01 11:35:04.040 [main] DEBUG nextflow.script.ScriptRunner - > Launching execution
Sep-01 11:35:05.303 [main] DEBUG nextflow.Session - Workflow process names [dsl2]: fastqc, fastqc_help, gatk0_index, gatk0_index_help, gatk4_filter_help, gatk3_cmdsgen_help, gatk2_preprocess_help
Sep-01 11:35:05.646 [main] DEBUG nextflow.executor.ExecutorFactory - << taskConfig executor: null
Sep-01 11:35:05.647 [main] DEBUG nextflow.executor.ExecutorFactory - >> processorType: 'local'
Sep-01 11:35:05.684 [main] DEBUG nextflow.executor.Executor - [warm up] executor > local
Sep-01 11:35:05.706 [main] DEBUG n.processor.LocalPollingMonitor - Creating local task monitor for executor 'local' > cpus=4; memory=12.4 GB; capacity=4; pollInterval=100ms; dumpInterval=5m
Sep-01 11:35:06.418 [main] DEBUG nextflow.executor.ExecutorFactory - << taskConfig executor: null
Sep-01 11:35:06.450 [main] DEBUG nextflow.executor.ExecutorFactory - >> processorType: 'local'
Sep-01 11:35:06.545 [main] DEBUG nextflow.executor.ExecutorFactory - << taskConfig executor: null
Sep-01 11:35:06.549 [main] DEBUG nextflow.executor.ExecutorFactory - >> processorType: 'local'
Sep-01 11:35:06.569 [main] DEBUG nextflow.executor.ExecutorFactory - << taskConfig executor: null
Sep-01 11:35:06.569 [main] DEBUG nextflow.executor.ExecutorFactory - >> processorType: 'local'
Sep-01 11:35:06.608 [main] DEBUG nextflow.executor.ExecutorFactory - << taskConfig executor: null
Sep-01 11:35:06.610 [main] DEBUG nextflow.executor.ExecutorFactory - >> processorType: 'local'
Sep-01 11:35:06.888 [main] DEBUG nextflow.Session - Ignite dataflow network (8)
Sep-01 11:35:06.900 [main] DEBUG nextflow.processor.TaskProcessor - Starting process > gatk0_index_help
Sep-01 11:35:06.940 [main] DEBUG nextflow.processor.TaskProcessor - Starting process > gatk0_index
Sep-01 11:35:06.956 [main] DEBUG nextflow.processor.TaskProcessor - Starting process > gatk2_preprocess_help
Sep-01 11:35:06.995 [main] DEBUG nextflow.processor.TaskProcessor - Starting process > gatk3_cmdsgen_help
Sep-01 11:35:07.030 [main] DEBUG nextflow.processor.TaskProcessor - Starting process > gatk4_filter_help
Sep-01 11:35:07.055 [main] DEBUG nextflow.script.ScriptRunner - > Await termination 
Sep-01 11:35:07.060 [main] DEBUG nextflow.Session - Session await
Sep-01 11:35:07.064 [PathVisitor-2] DEBUG nextflow.file.PathVisitor - files for syntax: glob; folder: ./test-data/fastq/; pattern: *.fastq.gz; options: [:]
Sep-01 11:35:08.360 [Task submitter] DEBUG nextflow.executor.LocalTaskHandler - Launch cmd line: /bin/bash -ue .command.run
Sep-01 11:35:08.393 [Task submitter] INFO  nextflow.Session - [80/d1271c] Submitted process > gatk0_index_help
Sep-01 11:35:08.519 [Task submitter] DEBUG nextflow.executor.LocalTaskHandler - Launch cmd line: /bin/bash -ue .command.run
Sep-01 11:35:08.534 [Task submitter] INFO  nextflow.Session - [ad/768a63] Submitted process > gatk3_cmdsgen_help
Sep-01 11:35:08.740 [Task submitter] DEBUG nextflow.executor.LocalTaskHandler - Launch cmd line: /bin/bash -ue .command.run
Sep-01 11:35:08.743 [Task submitter] INFO  nextflow.Session - [5c/9e5ac0] Submitted process > gatk2_preprocess_help
Sep-01 11:35:08.919 [Task submitter] DEBUG nextflow.executor.LocalTaskHandler - Launch cmd line: /bin/bash -ue .command.run
Sep-01 11:35:08.945 [Task submitter] INFO  nextflow.Session - [dd/ca5ad8] Submitted process > gatk4_filter_help
Sep-01 11:35:10.551 [Task monitor] DEBUG n.processor.TaskPollingMonitor - Task completed > TaskHandler[id: 1; name: gatk0_index_help; status: COMPLETED; exit: 0; error: -; workDir: /mnt/c/Users/arunk/Documents/github/Maize_WGS_Build/work/80/d1271c3bac980d7c59a2e697d59f2b]
Sep-01 11:35:10.770 [Task submitter] DEBUG nextflow.executor.LocalTaskHandler - Launch cmd line: /bin/bash -ue .command.run
Sep-01 11:35:10.775 [Task submitter] INFO  nextflow.Session - [2b/d255d4] Submitted process > gatk0_index (1)
Sep-01 11:35:10.889 [Task monitor] DEBUG n.processor.TaskPollingMonitor - Task completed > TaskHandler[id: 3; name: gatk3_cmdsgen_help; status: COMPLETED; exit: 0; error: -; workDir: /mnt/c/Users/arunk/Documents/github/Maize_WGS_Build/work/ad/768a632abac2760ff3a744a7dec3d7]
Sep-01 11:35:11.040 [Task monitor] DEBUG n.processor.TaskPollingMonitor - Task completed > TaskHandler[id: 2; name: gatk2_preprocess_help; status: COMPLETED; exit: 0; error: -; workDir: /mnt/c/Users/arunk/Documents/github/Maize_WGS_Build/work/5c/9e5ac004f4315b00e6e3ec0541225e]
Sep-01 11:35:11.262 [Task monitor] DEBUG n.processor.TaskPollingMonitor - Task completed > TaskHandler[id: 5; name: gatk4_filter_help; status: COMPLETED; exit: 0; error: -; workDir: /mnt/c/Users/arunk/Documents/github/Maize_WGS_Build/work/dd/ca5ad8260462f59ddb5d5c0e9af30c]
Sep-01 11:35:11.961 [Task monitor] DEBUG n.processor.TaskPollingMonitor - Task completed > TaskHandler[id: 4; name: gatk0_index (1); status: COMPLETED; exit: 0; error: -; workDir: /mnt/c/Users/arunk/Documents/github/Maize_WGS_Build/work/2b/d255d4912e1410276af8199b85f9e0]
Sep-01 11:35:12.040 [main] DEBUG nextflow.Session - Session await > all process finished
Sep-01 11:35:12.050 [main] DEBUG nextflow.Session - Session await > all barriers passed
Sep-01 11:35:12.153 [main] DEBUG nextflow.trace.WorkflowStatsObserver - Workflow completed > WorkflowStats[succeededCount=5; failedCount=0; ignoredCount=0; cachedCount=0; pendingCount=0; submittedCount=0; runningCount=0; retriesCount=0; abortedCount=0; succeedDuration=2.1s; failedDuration=0ms; cachedDuration=0ms;loadCpus=0; loadMemory=0; peakRunning=4; peakCpus=4; peakMemory=0; ]
Sep-01 11:35:12.154 [main] DEBUG nextflow.trace.ReportObserver - Flow completing -- rendering html report
Sep-01 11:35:12.307 [main] DEBUG nextflow.trace.ReportObserver - Execution report summary data:
  [{"cpuUsage":{"mean":14.2,"min":14.2,"q1":14.2,"q2":14.2,"q3":14.2,"max":14.2,"minLabel":"gatk0_index_help","maxLabel":"gatk0_index_help","q1Label":"gatk0_index_help","q2Label":"gatk0_index_help","q3Label":"gatk0_index_help"},"process":"gatk0_index_help","mem":{"mean":3239936,"min":3239936,"q1":3239936,"q2":3239936,"q3":3239936,"max":3239936,"minLabel":"gatk0_index_help","maxLabel":"gatk0_index_help","q1Label":"gatk0_index_help","q2Label":"gatk0_index_help","q3Label":"gatk0_index_help"},"memUsage":null,"timeUsage":null,"vmem":{"mean":8826880,"min":8826880,"q1":8826880,"q2":8826880,"q3":8826880,"max":8826880,"minLabel":"gatk0_index_help","maxLabel":"gatk0_index_help","q1Label":"gatk0_index_help","q2Label":"gatk0_index_help","q3Label":"gatk0_index_help"},"reads":{"mean":171655,"min":171655,"q1":171655,"q2":171655,"q3":171655,"max":171655,"minLabel":"gatk0_index_help","maxLabel":"gatk0_index_help","q1Label":"gatk0_index_help","q2Label":"gatk0_index_help","q3Label":"gatk0_index_help"},"cpu":{"mean":14.2,"min":14.2,"q1":14.2,"q2":14.2,"q3":14.2,"max":14.2,"minLabel":"gatk0_index_help","maxLabel":"gatk0_index_help","q1Label":"gatk0_index_help","q2Label":"gatk0_index_help","q3Label":"gatk0_index_help"},"time":{"mean":431,"min":431,"q1":431,"q2":431,"q3":431,"max":431,"minLabel":"gatk0_index_help","maxLabel":"gatk0_index_help","q1Label":"gatk0_index_help","q2Label":"gatk0_index_help","q3Label":"gatk0_index_help"},"writes":{"mean":379,"min":379,"q1":379,"q2":379,"q3":379,"max":379,"minLabel":"gatk0_index_help","maxLabel":"gatk0_index_help","q1Label":"gatk0_index_help","q2Label":"gatk0_index_help","q3Label":"gatk0_index_help"}},{"cpuUsage":{"mean":9.9,"min":9.9,"q1":9.9,"q2":9.9,"q3":9.9,"max":9.9,"minLabel":"gatk3_cmdsgen_help","maxLabel":"gatk3_cmdsgen_help","q1Label":"gatk3_cmdsgen_help","q2Label":"gatk3_cmdsgen_help","q3Label":"gatk3_cmdsgen_help"},"process":"gatk3_cmdsgen_help","mem":{"mean":3207168,"min":3207168,"q1":3207168,"q2":3207168,"q3":3207168,"max":3207168,"minLabel":"gatk3_cmdsgen_help","maxLabel":"gatk3_cmdsgen_help","q1Label":"gatk3_cmdsgen_help","q2Label":"gatk3_cmdsgen_help","q3Label":"gatk3_cmdsgen_help"},"memUsage":null,"timeUsage":null,"vmem":{"mean":8826880,"min":8826880,"q1":8826880,"q2":8826880,"q3":8826880,"max":8826880,"minLabel":"gatk3_cmdsgen_help","maxLabel":"gatk3_cmdsgen_help","q1Label":"gatk3_cmdsgen_help","q2Label":"gatk3_cmdsgen_help","q3Label":"gatk3_cmdsgen_help"},"reads":{"mean":171615,"min":171615,"q1":171615,"q2":171615,"q3":171615,"max":171615,"minLabel":"gatk3_cmdsgen_help","maxLabel":"gatk3_cmdsgen_help","q1Label":"gatk3_cmdsgen_help","q2Label":"gatk3_cmdsgen_help","q3Label":"gatk3_cmdsgen_help"},"cpu":{"mean":9.9,"min":9.9,"q1":9.9,"q2":9.9,"q3":9.9,"max":9.9,"minLabel":"gatk3_cmdsgen_help","maxLabel":"gatk3_cmdsgen_help","q1Label":"gatk3_cmdsgen_help","q2Label":"gatk3_cmdsgen_help","q3Label":"gatk3_cmdsgen_help"},"time":{"mean":424,"min":424,"q1":424,"q2":424,"q3":424,"max":424,"minLabel":"gatk3_cmdsgen_help","maxLabel":"gatk3_cmdsgen_help","q1Label":"gatk3_cmdsgen_help","q2Label":"gatk3_cmdsgen_help","q3Label":"gatk3_cmdsgen_help"},"writes":{"mean":454,"min":454,"q1":454,"q2":454,"q3":454,"max":454,"minLabel":"gatk3_cmdsgen_help","maxLabel":"gatk3_cmdsgen_help","q1Label":"gatk3_cmdsgen_help","q2Label":"gatk3_cmdsgen_help","q3Label":"gatk3_cmdsgen_help"}},{"cpuUsage":{"mean":10.5,"min":10.5,"q1":10.5,"q2":10.5,"q3":10.5,"max":10.5,"minLabel":"gatk2_preprocess_help","maxLabel":"gatk2_preprocess_help","q1Label":"gatk2_preprocess_help","q2Label":"gatk2_preprocess_help","q3Label":"gatk2_preprocess_help"},"process":"gatk2_preprocess_help","mem":{"mean":3244032,"min":3244032,"q1":3244032,"q2":3244032,"q3":3244032,"max":3244032,"minLabel":"gatk2_preprocess_help","maxLabel":"gatk2_preprocess_help","q1Label":"gatk2_preprocess_help","q2Label":"gatk2_preprocess_help","q3Label":"gatk2_preprocess_help"},"memUsage":null,"timeUsage":null,"vmem":{"mean":8826880,"min":8826880,"q1":8826880,"q2":8826880,"q3":8826880,"max":8826880,"minLabel":"gatk2_preprocess_help","maxLabel":"gatk2_preprocess_help","q1Label":"gatk2_preprocess_help","q2Label":"gatk2_preprocess_help","q3Label":"gatk2_preprocess_help"},"reads":{"mean":174542,"min":174542,"q1":174542,"q2":174542,"q3":174542,"max":174542,"minLabel":"gatk2_preprocess_help","maxLabel":"gatk2_preprocess_help","q1Label":"gatk2_preprocess_help","q2Label":"gatk2_preprocess_help","q3Label":"gatk2_preprocess_help"},"cpu":{"mean":10.5,"min":10.5,"q1":10.5,"q2":10.5,"q3":10.5,"max":10.5,"minLabel":"gatk2_preprocess_help","maxLabel":"gatk2_preprocess_help","q1Label":"gatk2_preprocess_help","q2Label":"gatk2_preprocess_help","q3Label":"gatk2_preprocess_help"},"time":{"mean":464,"min":464,"q1":464,"q2":464,"q3":464,"max":464,"minLabel":"gatk2_preprocess_help","maxLabel":"gatk2_preprocess_help","q1Label":"gatk2_preprocess_help","q2Label":"gatk2_preprocess_help","q3Label":"gatk2_preprocess_help"},"writes":{"mean":383,"min":383,"q1":383,"q2":383,"q3":383,"max":383,"minLabel":"gatk2_preprocess_help","maxLabel":"gatk2_preprocess_help","q1Label":"gatk2_preprocess_help","q2Label":"gatk2_preprocess_help","q3Label":"gatk2_preprocess_help"}},{"cpuUsage":{"mean":12.1,"min":12.1,"q1":12.1,"q2":12.1,"q3":12.1,"max":12.1,"minLabel":"gatk4_filter_help","maxLabel":"gatk4_filter_help","q1Label":"gatk4_filter_help","q2Label":"gatk4_filter_help","q3Label":"gatk4_filter_help"},"process":"gatk4_filter_help","mem":{"mean":6574080,"min":6574080,"q1":6574080,"q2":6574080,"q3":6574080,"max":6574080,"minLabel":"gatk4_filter_help","maxLabel":"gatk4_filter_help","q1Label":"gatk4_filter_help","q2Label":"gatk4_filter_help","q3Label":"gatk4_filter_help"},"memUsage":null,"timeUsage":null,"vmem":{"mean":17653760,"min":17653760,"q1":17653760,"q2":17653760,"q3":17653760,"max":17653760,"minLabel":"gatk4_filter_help","maxLabel":"gatk4_filter_help","q1Label":"gatk4_filter_help","q2Label":"gatk4_filter_help","q3Label":"gatk4_filter_help"},"reads":{"mean":172531,"min":172531,"q1":172531,"q2":172531,"q3":172531,"max":172531,"minLabel":"gatk4_filter_help","maxLabel":"gatk4_filter_help","q1Label":"gatk4_filter_help","q2Label":"gatk4_filter_help","q3Label":"gatk4_filter_help"},"cpu":{"mean":12.1,"min":12.1,"q1":12.1,"q2":12.1,"q3":12.1,"max":12.1,"minLabel":"gatk4_filter_help","maxLabel":"gatk4_filter_help","q1Label":"gatk4_filter_help","q2Label":"gatk4_filter_help","q3Label":"gatk4_filter_help"},"time":{"mean":522,"min":522,"q1":522,"q2":522,"q3":522,"max":522,"minLabel":"gatk4_filter_help","maxLabel":"gatk4_filter_help","q1Label":"gatk4_filter_help","q2Label":"gatk4_filter_help","q3Label":"gatk4_filter_help"},"writes":{"mean":287,"min":287,"q1":287,"q2":287,"q3":287,"max":287,"minLabel":"gatk4_filter_help","maxLabel":"gatk4_filter_help","q1Label":"gatk4_filter_help","q2Label":"gatk4_filter_help","q3Label":"gatk4_filter_help"}},{"cpuUsage":{"mean":26.1,"min":26.1,"q1":26.1,"q2":26.1,"q3":26.1,"max":26.1,"minLabel":"gatk0_index (1)","maxLabel":"gatk0_index (1)","q1Label":"gatk0_index (1)","q2Label":"gatk0_index (1)","q3Label":"gatk0_index (1)"},"process":"gatk0_index","mem":{"mean":3268608,"min":3268608,"q1":3268608,"q2":3268608,"q3":3268608,"max":3268608,"minLabel":"gatk0_index (1)","maxLabel":"gatk0_index (1)","q1Label":"gatk0_index (1)","q2Label":"gatk0_index (1)","q3Label":"gatk0_index (1)"},"memUsage":null,"timeUsage":null,"vmem":{"mean":8826880,"min":8826880,"q1":8826880,"q2":8826880,"q3":8826880,"max":8826880,"minLabel":"gatk0_index (1)","maxLabel":"gatk0_index (1)","q1Label":"gatk0_index (1)","q2Label":"gatk0_index (1)","q3Label":"gatk0_index (1)"},"reads":{"mean":276830,"min":276830,"q1":276830,"q2":276830,"q3":276830,"max":276830,"minLabel":"gatk0_index (1)","maxLabel":"gatk0_index (1)","q1Label":"gatk0_index (1)","q2Label":"gatk0_index (1)","q3Label":"gatk0_index (1)"},"cpu":{"mean":26.1,"min":26.1,"q1":26.1,"q2":26.1,"q3":26.1,"max":26.1,"minLabel":"gatk0_index (1)","maxLabel":"gatk0_index (1)","q1Label":"gatk0_index (1)","q2Label":"gatk0_index (1)","q3Label":"gatk0_index (1)"},"time":{"mean":281,"min":281,"q1":281,"q2":281,"q3":281,"max":281,"minLabel":"gatk0_index (1)","maxLabel":"gatk0_index (1)","q1Label":"gatk0_index (1)","q2Label":"gatk0_index (1)","q3Label":"gatk0_index (1)"},"writes":{"mean":733,"min":733,"q1":733,"q2":733,"q3":733,"max":733,"minLabel":"gatk0_index (1)","maxLabel":"gatk0_index (1)","q1Label":"gatk0_index (1)","q2Label":"gatk0_index (1)","q3Label":"gatk0_index (1)"}}]
Sep-01 11:35:14.574 [main] DEBUG nextflow.trace.TimelineObserver - Flow completing -- rendering html timeline
Sep-01 11:35:14.958 [main] DEBUG nextflow.CacheDB - Closing CacheDB done
Sep-01 11:35:15.098 [main] DEBUG nextflow.script.ScriptRunner - > Execution complete -- Goodbye
